# JRE version: OpenJDK Runtime Environment (8.0_152-b06) (build 1.8.0_152-release-1136-b06)
# Java VM: OpenJDK 64-Bit Server VM (25.152-b06 mixed mode windows-amd64 compressed oops)
Heap:
 PSYoungGen      total 180224K, used 36989K [0x00000000e0000000, 0x00000000ed600000, 0x0000000100000000)
  eden space 166400K, 13% used [0x00000000e0000000,0x00000000e16a1f00,0x00000000ea280000)
  from space 13824K, 99% used [0x00000000eb280000,0x00000000ebffd590,0x00000000ec000000)
  to   space 16384K, 0% used [0x00000000ea280000,0x00000000ea280000,0x00000000eb280000)
 ParOldGen       total 160256K, used 20773K [0x00000000a0000000, 0x00000000a9c80000, 0x00000000e0000000)
  object space 160256K, 12% used [0x00000000a0000000,0x00000000a1449538,0x00000000a9c80000)
 Metaspace       used 45790K, capacity 46724K, committed 47104K, reserved 1089536K
  class space    used 6232K, capacity 6537K, committed 6656K, reserved 1048576K
GC Heap History (10 events):
Event: 2.280 GC heap before
{Heap before GC invocations=4 (full 1):
 PSYoungGen      total 76288K, used 9024K [0x00000000e0000000, 0x00000000e9500000, 0x0000000100000000)
  eden space 65536K, 0% used [0x00000000e0000000,0x00000000e0000000,0x00000000e4000000)
  from space 10752K, 83% used [0x00000000e4000000,0x00000000e48d0390,0x00000000e4a80000)
  to   space 10752K, 0% used [0x00000000e8a80000,0x00000000e8a80000,0x00000000e9500000)
 ParOldGen       total 175104K, used 269K [0x00000000a0000000, 0x00000000aab00000, 0x00000000e0000000)
  object space 175104K, 0% used [0x00000000a0000000,0x00000000a0043768,0x00000000aab00000)
 Metaspace       used 20735K, capacity 21160K, committed 21248K, reserved 1067008K
  class space    used 2900K, capacity 3044K, committed 3072K, reserved 1048576K
Event: 2.303 GC heap after
Heap after GC invocations=4 (full 1):
 PSYoungGen      total 76288K, used 0K [0x00000000e0000000, 0x00000000e9500000, 0x0000000100000000)
  eden space 65536K, 0% used [0x00000000e0000000,0x00000000e0000000,0x00000000e4000000)
  from space 10752K, 0% used [0x00000000e4000000,0x00000000e4000000,0x00000000e4a80000)
  to   space 10752K, 0% used [0x00000000e8a80000,0x00000000e8a80000,0x00000000e9500000)
 ParOldGen       total 99840K, used 8660K [0x00000000a0000000, 0x00000000a6180000, 0x00000000e0000000)
  object space 99840K, 8% used [0x00000000a0000000,0x00000000a0875328,0x00000000a6180000)
 Metaspace       used 20735K, capacity 21160K, committed 21248K, reserved 1067008K
  class space    used 2900K, capacity 3044K, committed 3072K, reserved 1048576K
}
Event: 2.754 GC heap before
{Heap before GC invocations=5 (full 1):
 PSYoungGen      total 76288K, used 65536K [0x00000000e0000000, 0x00000000e9500000, 0x0000000100000000)
  eden space 65536K, 100% used [0x00000000e0000000,0x00000000e4000000,0x00000000e4000000)
  from space 10752K, 0% used [0x00000000e4000000,0x00000000e4000000,0x00000000e4a80000)
  to   space 10752K, 0% used [0x00000000e8a80000,0x00000000e8a80000,0x00000000e9500000)
 ParOldGen       total 99840K, used 8660K [0x00000000a0000000, 0x00000000a6180000, 0x00000000e0000000)
  object space 99840K, 8% used [0x00000000a0000000,0x00000000a0875328,0x00000000a6180000)
 Metaspace       used 26573K, capacity 27042K, committed 27392K, reserved 1073152K
  class space    used 3643K, capacity 3801K, committed 3840K, reserved 1048576K
Event: 2.760 GC heap after
Heap after GC invocations=5 (full 1):
 PSYoungGen      total 113152K, used 7221K [0x00000000e0000000, 0x00000000e9200000, 0x0000000100000000)
  eden space 105472K, 0% used [0x00000000e0000000,0x00000000e0000000,0x00000000e6700000)
  from space 7680K, 94% used [0x00000000e8a80000,0x00000000e918d580,0x00000000e9200000)
  to   space 10752K, 0% used [0x00000000e7d00000,0x00000000e7d00000,0x00000000e8780000)
 ParOldGen       total 99840K, used 8668K [0x00000000a0000000, 0x00000000a6180000, 0x00000000e0000000)
  object space 99840K, 8% used [0x00000000a0000000,0x00000000a0877328,0x00000000a6180000)
 Metaspace       used 26573K, capacity 27042K, committed 27392K, reserved 1073152K
  class space    used 3643K, capacity 3801K, committed 3840K, reserved 1048576K
}
Event: 3.417 GC heap before
{Heap before GC invocations=6 (full 1):
 PSYoungGen      total 113152K, used 104378K [0x00000000e0000000, 0x00000000e9200000, 0x0000000100000000)
  eden space 105472K, 92% used [0x00000000e0000000,0x00000000e5ee1430,0x00000000e6700000)
  from space 7680K, 94% used [0x00000000e8a80000,0x00000000e918d580,0x00000000e9200000)
  to   space 10752K, 0% used [0x00000000e7d00000,0x00000000e7d00000,0x00000000e8780000)
 ParOldGen       total 99840K, used 8668K [0x00000000a0000000, 0x00000000a6180000, 0x00000000e0000000)
  object space 99840K, 8% used [0x00000000a0000000,0x00000000a0877328,0x00000000a6180000)
 Metaspace       used 34613K, capacity 35246K, committed 35416K, reserved 1079296K
  class space    used 4802K, capacity 5025K, committed 5120K, reserved 1048576K
Event: 3.426 GC heap after
Heap after GC invocations=6 (full 1):
 PSYoungGen      total 138752K, used 10730K [0x00000000e0000000, 0x00000000ec000000, 0x0000000100000000)
  eden space 128000K, 0% used [0x00000000e0000000,0x00000000e0000000,0x00000000e7d00000)
  from space 10752K, 99% used [0x00000000e7d00000,0x00000000e877aa80,0x00000000e8780000)
  to   space 13824K, 0% used [0x00000000eb280000,0x00000000eb280000,0x00000000ec000000)
 ParOldGen       total 99840K, used 10968K [0x00000000a0000000, 0x00000000a6180000, 0x00000000e0000000)
  object space 99840K, 10% used [0x00000000a0000000,0x00000000a0ab6088,0x00000000a6180000)
 Metaspace       used 34613K, capacity 35246K, committed 35416K, reserved 1079296K
  class space    used 4802K, capacity 5025K, committed 5120K, reserved 1048576K
}
Event: 3.426 GC heap before
{Heap before GC invocations=7 (full 2):
 PSYoungGen      total 138752K, used 10730K [0x00000000e0000000, 0x00000000ec000000, 0x0000000100000000)
  eden space 128000K, 0% used [0x00000000e0000000,0x00000000e0000000,0x00000000e7d00000)
  from space 10752K, 99% used [0x00000000e7d00000,0x00000000e877aa80,0x00000000e8780000)
  to   space 13824K, 0% used [0x00000000eb280000,0x00000000eb280000,0x00000000ec000000)
 ParOldGen       total 99840K, used 10968K [0x00000000a0000000, 0x00000000a6180000, 0x00000000e0000000)
  object space 99840K, 10% used [0x00000000a0000000,0x00000000a0ab6088,0x00000000a6180000)
 Metaspace       used 34613K, capacity 35246K, committed 35416K, reserved 1079296K
  class space    used 4802K, capacity 5025K, committed 5120K, reserved 1048576K
Event: 3.453 GC heap after
Heap after GC invocations=7 (full 2):
 PSYoungGen      total 138752K, used 0K [0x00000000e0000000, 0x00000000ec000000, 0x0000000100000000)
  eden space 128000K, 0% used [0x00000000e0000000,0x00000000e0000000,0x00000000e7d00000)
  from space 10752K, 0% used [0x00000000e7d00000,0x00000000e7d00000,0x00000000e8780000)
  to   space 13824K, 0% used [0x00000000eb280000,0x00000000eb280000,0x00000000ec000000)
 ParOldGen       total 160256K, used 19347K [0x00000000a0000000, 0x00000000a9c80000, 0x00000000e0000000)
  object space 160256K, 12% used [0x00000000a0000000,0x00000000a12e4e80,0x00000000a9c80000)
 Metaspace       used 34613K, capacity 35246K, committed 35416K, reserved 1079296K
  class space    used 4802K, capacity 5025K, committed 5120K, reserved 1048576K
}
Event: 4.140 GC heap before
{Heap before GC invocations=8 (full 2):
 PSYoungGen      total 138752K, used 128000K [0x00000000e0000000, 0x00000000ec000000, 0x0000000100000000)
  eden space 128000K, 100% used [0x00000000e0000000,0x00000000e7d00000,0x00000000e7d00000)
  from space 10752K, 0% used [0x00000000e7d00000,0x00000000e7d00000,0x00000000e8780000)
  to   space 13824K, 0% used [0x00000000eb280000,0x00000000eb280000,0x00000000ec000000)
 ParOldGen       total 160256K, used 19347K [0x00000000a0000000, 0x00000000a9c80000, 0x00000000e0000000)
  object space 160256K, 12% used [0x00000000a0000000,0x00000000a12e4ec0,0x00000000a9c80000)
 Metaspace       used 42806K, capacity 43672K, committed 44032K, reserved 1087488K
  class space    used 5805K, capacity 6071K, committed 6144K, reserved 1048576K
Event: 4.148 GC heap after
Heap after GC invocations=8 (full 2):
 PSYoungGen      total 180224K, used 13813K [0x00000000e0000000, 0x00000000ed600000, 0x0000000100000000)
  eden space 166400K, 0% used [0x00000000e0000000,0x00000000e0000000,0x00000000ea280000)
  from space 13824K, 99% used [0x00000000eb280000,0x00000000ebffd590,0x00000000ec000000)
  to   space 16384K, 0% used [0x00000000ea280000,0x00000000ea280000,0x00000000eb280000)
 ParOldGen       total 160256K, used 20773K [0x00000000a0000000, 0x00000000a9c80000, 0x00000000e0000000)
  object space 160256K, 12% used [0x00000000a0000000,0x00000000a1449538,0x00000000a9c80000)
 Metaspace       used 42806K, capacity 43672K, committed 44032K, reserved 1087488K
  class space    used 5805K, capacity 6071K, committed 6144K, reserved 1048576K
}

