# JRE version: OpenJDK Runtime Environment (8.0_152-b06) (build 1.8.0_152-release-1136-b06)
# Java VM: OpenJDK 64-Bit Server VM (25.152-b06 mixed mode windows-amd64 compressed oops)
Heap:
 PSYoungGen      total 109056K, used 55059K [0x00000000e0000000, 0x00000000eb180000, 0x0000000100000000)
  eden space 97792K, 44% used [0x00000000e0000000,0x00000000e2ac6400,0x00000000e5f80000)
  from space 11264K, 99% used [0x00000000e5f80000,0x00000000e6a7e908,0x00000000e6a80000)
  to   space 12288K, 0% used [0x00000000ea580000,0x00000000ea580000,0x00000000eb180000)
 ParOldGen       total 153600K, used 16748K [0x00000000a0000000, 0x00000000a9600000, 0x00000000e0000000)
  object space 153600K, 10% used [0x00000000a0000000,0x00000000a105b138,0x00000000a9600000)
 Metaspace       used 44006K, capacity 44838K, committed 45056K, reserved 1087488K
  class space    used 6005K, capacity 6276K, committed 6400K, reserved 1048576K
GC Heap History (10 events):
Event: 4.153 GC heap before
{Heap before GC invocations=5 (full 1):
 PSYoungGen      total 76288K, used 65536K [0x00000000e0000000, 0x00000000e5500000, 0x0000000100000000)
  eden space 65536K, 100% used [0x00000000e0000000,0x00000000e4000000,0x00000000e4000000)
  from space 10752K, 0% used [0x00000000e4000000,0x00000000e4000000,0x00000000e4a80000)
  to   space 10752K, 0% used [0x00000000e4a80000,0x00000000e4a80000,0x00000000e5500000)
 ParOldGen       total 105472K, used 8708K [0x00000000a0000000, 0x00000000a6700000, 0x00000000e0000000)
  object space 105472K, 8% used [0x00000000a0000000,0x00000000a0881038,0x00000000a6700000)
 Metaspace       used 26567K, capacity 27042K, committed 27392K, reserved 1073152K
  class space    used 3642K, capacity 3801K, committed 3840K, reserved 1048576K
Event: 4.158 GC heap after
Heap after GC invocations=5 (full 1):
 PSYoungGen      total 76288K, used 7213K [0x00000000e0000000, 0x00000000e7800000, 0x0000000100000000)
  eden space 65536K, 0% used [0x00000000e0000000,0x00000000e0000000,0x00000000e4000000)
  from space 10752K, 67% used [0x00000000e4a80000,0x00000000e518b700,0x00000000e5500000)
  to   space 10752K, 0% used [0x00000000e4000000,0x00000000e4000000,0x00000000e4a80000)
 ParOldGen       total 105472K, used 8716K [0x00000000a0000000, 0x00000000a6700000, 0x00000000e0000000)
  object space 105472K, 8% used [0x00000000a0000000,0x00000000a0883038,0x00000000a6700000)
 Metaspace       used 26567K, capacity 27042K, committed 27392K, reserved 1073152K
  class space    used 3642K, capacity 3801K, committed 3840K, reserved 1048576K
}
Event: 6.691 GC heap before
{Heap before GC invocations=6 (full 1):
 PSYoungGen      total 76288K, used 72749K [0x00000000e0000000, 0x00000000e7800000, 0x0000000100000000)
  eden space 65536K, 100% used [0x00000000e0000000,0x00000000e4000000,0x00000000e4000000)
  from space 10752K, 67% used [0x00000000e4a80000,0x00000000e518b700,0x00000000e5500000)
  to   space 10752K, 0% used [0x00000000e4000000,0x00000000e4000000,0x00000000e4a80000)
 ParOldGen       total 105472K, used 8716K [0x00000000a0000000, 0x00000000a6700000, 0x00000000e0000000)
  object space 105472K, 8% used [0x00000000a0000000,0x00000000a0883038,0x00000000a6700000)
 Metaspace       used 29886K, capacity 30378K, committed 30592K, reserved 1075200K
  class space    used 4178K, capacity 4357K, committed 4480K, reserved 1048576K
Event: 6.695 GC heap after
Heap after GC invocations=6 (full 1):
 PSYoungGen      total 76288K, used 8859K [0x00000000e0000000, 0x00000000e7580000, 0x0000000100000000)
  eden space 65536K, 0% used [0x00000000e0000000,0x00000000e0000000,0x00000000e4000000)
  from space 10752K, 82% used [0x00000000e4000000,0x00000000e48a6e80,0x00000000e4a80000)
  to   space 11264K, 0% used [0x00000000e6a80000,0x00000000e6a80000,0x00000000e7580000)
 ParOldGen       total 105472K, used 8724K [0x00000000a0000000, 0x00000000a6700000, 0x00000000e0000000)
  object space 105472K, 8% used [0x00000000a0000000,0x00000000a0885038,0x00000000a6700000)
 Metaspace       used 29886K, capacity 30378K, committed 30592K, reserved 1075200K
  class space    used 4178K, capacity 4357K, committed 4480K, reserved 1048576K
}
Event: 6.982 GC heap before
{Heap before GC invocations=7 (full 1):
 PSYoungGen      total 76288K, used 38208K [0x00000000e0000000, 0x00000000e7580000, 0x0000000100000000)
  eden space 65536K, 44% used [0x00000000e0000000,0x00000000e1ca92f0,0x00000000e4000000)
  from space 10752K, 82% used [0x00000000e4000000,0x00000000e48a6e80,0x00000000e4a80000)
  to   space 11264K, 0% used [0x00000000e6a80000,0x00000000e6a80000,0x00000000e7580000)
 ParOldGen       total 105472K, used 8724K [0x00000000a0000000, 0x00000000a6700000, 0x00000000e0000000)
  object space 105472K, 8% used [0x00000000a0000000,0x00000000a0885038,0x00000000a6700000)
 Metaspace       used 34673K, capacity 35246K, committed 35416K, reserved 1079296K
  class space    used 4808K, capacity 5025K, committed 5120K, reserved 1048576K
Event: 6.988 GC heap after
Heap after GC invocations=7 (full 1):
 PSYoungGen      total 109056K, used 9658K [0x00000000e0000000, 0x00000000e7c80000, 0x0000000100000000)
  eden space 97792K, 0% used [0x00000000e0000000,0x00000000e0000000,0x00000000e5f80000)
  from space 11264K, 85% used [0x00000000e6a80000,0x00000000e73ee878,0x00000000e7580000)
  to   space 11264K, 0% used [0x00000000e5f80000,0x00000000e5f80000,0x00000000e6a80000)
 ParOldGen       total 105472K, used 8732K [0x00000000a0000000, 0x00000000a6700000, 0x00000000e0000000)
  object space 105472K, 8% used [0x00000000a0000000,0x00000000a0887038,0x00000000a6700000)
 Metaspace       used 34673K, capacity 35246K, committed 35416K, reserved 1079296K
  class space    used 4808K, capacity 5025K, committed 5120K, reserved 1048576K
}
Event: 6.988 GC heap before
{Heap before GC invocations=8 (full 2):
 PSYoungGen      total 109056K, used 9658K [0x00000000e0000000, 0x00000000e7c80000, 0x0000000100000000)
  eden space 97792K, 0% used [0x00000000e0000000,0x00000000e0000000,0x00000000e5f80000)
  from space 11264K, 85% used [0x00000000e6a80000,0x00000000e73ee878,0x00000000e7580000)
  to   space 11264K, 0% used [0x00000000e5f80000,0x00000000e5f80000,0x00000000e6a80000)
 ParOldGen       total 105472K, used 8732K [0x00000000a0000000, 0x00000000a6700000, 0x00000000e0000000)
  object space 105472K, 8% used [0x00000000a0000000,0x00000000a0887038,0x00000000a6700000)
 Metaspace       used 34673K, capacity 35246K, committed 35416K, reserved 1079296K
  class space    used 4808K, capacity 5025K, committed 5120K, reserved 1048576K
Event: 7.015 GC heap after
Heap after GC invocations=8 (full 2):
 PSYoungGen      total 109056K, used 0K [0x00000000e0000000, 0x00000000e7c80000, 0x0000000100000000)
  eden space 97792K, 0% used [0x00000000e0000000,0x00000000e0000000,0x00000000e5f80000)
  from space 11264K, 0% used [0x00000000e6a80000,0x00000000e6a80000,0x00000000e7580000)
  to   space 11264K, 0% used [0x00000000e5f80000,0x00000000e5f80000,0x00000000e6a80000)
 ParOldGen       total 153600K, used 16230K [0x00000000a0000000, 0x00000000a9600000, 0x00000000e0000000)
  object space 153600K, 10% used [0x00000000a0000000,0x00000000a0fd99e0,0x00000000a9600000)
 Metaspace       used 34673K, capacity 35246K, committed 35416K, reserved 1079296K
  class space    used 4808K, capacity 5025K, committed 5120K, reserved 1048576K
}
Event: 7.541 GC heap before
{Heap before GC invocations=9 (full 2):
 PSYoungGen      total 109056K, used 97792K [0x00000000e0000000, 0x00000000e7c80000, 0x0000000100000000)
  eden space 97792K, 100% used [0x00000000e0000000,0x00000000e5f80000,0x00000000e5f80000)
  from space 11264K, 0% used [0x00000000e6a80000,0x00000000e6a80000,0x00000000e7580000)
  to   space 11264K, 0% used [0x00000000e5f80000,0x00000000e5f80000,0x00000000e6a80000)
 ParOldGen       total 153600K, used 16230K [0x00000000a0000000, 0x00000000a9600000, 0x00000000e0000000)
  object space 153600K, 10% used [0x00000000a0000000,0x00000000a0fd99e0,0x00000000a9600000)
 Metaspace       used 41055K, capacity 41826K, committed 42240K, reserved 1085440K
  class space    used 5528K, capacity 5781K, committed 5888K, reserved 1048576K
Event: 7.549 GC heap after
Heap after GC invocations=9 (full 2):
 PSYoungGen      total 109056K, used 11258K [0x00000000e0000000, 0x00000000eb180000, 0x0000000100000000)
  eden space 97792K, 0% used [0x00000000e0000000,0x00000000e0000000,0x00000000e5f80000)
  from space 11264K, 99% used [0x00000000e5f80000,0x00000000e6a7e908,0x00000000e6a80000)
  to   space 12288K, 0% used [0x00000000ea580000,0x00000000ea580000,0x00000000eb180000)
 ParOldGen       total 153600K, used 16748K [0x00000000a0000000, 0x00000000a9600000, 0x00000000e0000000)
  object space 153600K, 10% used [0x00000000a0000000,0x00000000a105b138,0x00000000a9600000)
 Metaspace       used 41055K, capacity 41826K, committed 42240K, reserved 1085440K
  class space    used 5528K, capacity 5781K, committed 5888K, reserved 1048576K
}

